
Gurobi 12.0.0 (win64, gurobi_cl) logging started Tue Dec  3 19:50:27 2024

Set parameter Username
Set parameter LicenseID to value 2591787
Set parameter LogFile to value "gurobi.log"
Using license file C:\Users\archi\gurobi.lic
Academic license - for non-commercial use only - expires 2025-11-27

Gurobi Optimizer version 12.0.0 build v12.0.0rc1 (win64 - Windows 11.0 (22631.2))
Copyright (c) 2024, Gurobi Optimization, LLC

Read LP format model from file C:\Users\archi\AppData\Local\Temp\dd98da772e6c487f888306201f41a54d-pulp.lp
Reading time = 0.03 seconds
OBJ: 259 rows, 4000 columns, 16039 nonzeros

Using Gurobi shared library C:\gurobi1200\win64\bin\gurobi120.dll

CPU model: Intel(R) Core(TM) i5-10210U CPU @ 1.60GHz, instruction set [SSE2|AVX|AVX2]
Thread count: 4 physical cores, 8 logical processors, using up to 8 threads

Optimize a model with 259 rows, 4000 columns and 16039 nonzeros
Model fingerprint: 0x79dd5aa5
Variable types: 0 continuous, 4000 integer (4000 binary)
Coefficient statistics:
  Matrix range     [1e+00, 5e+04]
  Objective range  [1e+00, 1e+00]
  Bounds range     [1e+00, 1e+00]
  RHS range        [1e+00, 1e+00]
Presolve removed 5 rows and 86 columns
Presolve time: 0.07s
Presolved: 254 rows, 3914 columns, 15691 nonzeros
Variable types: 0 continuous, 3914 integer (3914 binary)

Root relaxation: objective 3.779576e+01, 480 iterations, 0.03 seconds (0.01 work units)

    Nodes    |    Current Node    |     Objective Bounds      |     Work
 Expl Unexpl |  Obj  Depth IntInf | Incumbent    BestBd   Gap | It/Node Time

     0     0   37.79576    0   99          -   37.79576      -     -    0s
     0     0   38.00000    0   65          -   38.00000      -     -    0s
     0     0   38.00000    0   65          -   38.00000      -     -    0s
H    0     0                      40.0000000   38.00000  5.00%     -    0s
     0     0   38.00000    0   54   40.00000   38.00000  5.00%     -    0s
     0     0   38.00000    0  116   40.00000   38.00000  5.00%     -    0s
     0     0   38.00000    0  108   40.00000   38.00000  5.00%     -    1s
     0     0   38.00000    0   51   40.00000   38.00000  5.00%     -    1s
     0     0   38.00000    0   51   40.00000   38.00000  5.00%     -    1s
     0     2   38.00000    0   51   40.00000   38.00000  5.00%     -    1s
   671   679   38.00250   95   77   40.00000   38.00000  5.00%  47.8    5s
H 1643  1161                      39.0000000   38.00000  2.56%  36.4    9s
  1648  1164   38.00000   10   86   39.00000   38.00000  2.56%  36.3   10s
  1898  1554   38.00000   43   73   39.00000   38.00000  2.56%  65.8   16s
  2730  1877 infeasible   77        39.00000   38.00000  2.56%  68.7   20s

Cutting planes:
  Gomory: 2
  Cover: 130
  Clique: 35
  MIR: 10
  StrongCG: 12
  Flow cover: 19
  RLT: 3

Explored 3098 nodes (228069 simplex iterations) in 22.57 seconds (15.50 work units)
Thread count was 8 (of 8 available processors)

Solution count 2: 39 40 

Solve interrupted
Best objective 3.900000000000e+01, best bound 3.800000000000e+01, gap 2.5641%

Wrote result file 'C:\Users\archi\AppData\Local\Temp\dd98da772e6c487f888306201f41a54d-pulp.sol'


Gurobi 12.0.0 (win64, gurobi_cl) logging started Tue Dec  3 19:52:17 2024

Set parameter Username
Set parameter LicenseID to value 2591787
Set parameter LogFile to value "gurobi.log"
Using license file C:\Users\archi\gurobi.lic
Academic license - for non-commercial use only - expires 2025-11-27

Gurobi Optimizer version 12.0.0 build v12.0.0rc1 (win64 - Windows 11.0 (22631.2))
Copyright (c) 2024, Gurobi Optimization, LLC

Read LP format model from file C:\Users\archi\AppData\Local\Temp\4e2a38ec85164d37a4426b147124f84f-pulp.lp
Reading time = 1.71 seconds
OBJ: 2564 rows, 391391 columns, 1565954 nonzeros

Using Gurobi shared library C:\gurobi1200\win64\bin\gurobi120.dll

CPU model: Intel(R) Core(TM) i5-10210U CPU @ 1.60GHz, instruction set [SSE2|AVX|AVX2]
Thread count: 4 physical cores, 8 logical processors, using up to 8 threads

Optimize a model with 2564 rows, 391391 columns and 1565954 nonzeros
Model fingerprint: 0x99528a64
Variable types: 0 continuous, 391391 integer (391391 binary)
Coefficient statistics:
  Matrix range     [1e+00, 5e+04]
  Objective range  [1e+00, 1e+00]
  Bounds range     [1e+00, 1e+00]
  RHS range        [1e+00, 1e+00]
Presolve removed 3 rows and 935 columns
Presolve time: 4.23s
Presolved: 2561 rows, 390456 columns, 1562212 nonzeros
Variable types: 0 continuous, 390456 integer (390456 binary)
Deterministic concurrent LP optimizer: primal simplex, dual simplex, and barrier
Showing barrier log only...

Root barrier log...

Ordering time: 0.17s

Barrier statistics:
 AA' NZ     : 1.174e+06
 Factor NZ  : 2.616e+06 (roughly 180 MB of memory)
 Factor Ops : 3.439e+09 (less than 1 second per iteration)
 Threads    : 2

                  Objective                Residual
Iter       Primal          Dual         Primal    Dual     Compl     Time
   0   5.26132570e+02 -9.78800000e+03  7.39e+04 0.00e+00  4.79e+00     8s
   1   3.70019231e+02 -1.07837244e+04  4.13e+03 4.16e-17  2.80e-01     8s
   2   3.75871004e+02 -7.85292179e+03  3.83e+00 3.47e-17  1.07e-02     9s
   3   3.75821512e+02  3.14511174e+02  1.22e-12 3.01e-17  7.84e-05     9s
   4   3.75547845e+02  3.75450390e+02  6.25e-13 1.41e-17  1.25e-07     9s
   5   3.75544248e+02  3.75544151e+02  6.82e-13 1.50e-18  1.25e-10    10s
   6   3.75544244e+02  3.75544244e+02  7.96e-13 1.93e-18  1.25e-13    10s

Barrier solved model in 6 iterations and 10.05 seconds (7.27 work units)
Optimal objective 3.75544244e+02

  Building initial crossover basis                                15s

Root crossover log...

      16 DPushes remaining with DInf 0.0000000e+00                17s
       0 DPushes remaining with DInf 0.0000000e+00                17s

     932 PPushes remaining with PInf 3.1780178e-04                17s
       0 PPushes remaining with PInf 0.0000000e+00                17s

  Push phase complete: Pinf 0.0000000e+00, Dinf 4.9955225e-15     17s


Root simplex log...

Iteration    Objective       Primal Inf.    Dual Inf.      Time
     951    3.7554424e+02   0.000000e+00   0.000000e+00     17s
Concurrent spin time: 0.92s

Solved with barrier

Root relaxation: objective 3.755442e+02, 951 iterations, 12.65 seconds (5.34 work units)

    Nodes    |    Current Node    |     Objective Bounds      |     Work
 Expl Unexpl |  Obj  Depth IntInf | Incumbent    BestBd   Gap | It/Node Time

     0     0  375.54424    0 1509          -  375.54424      -     -   54s
     0     0  376.00000    0 1167          -  376.00000      -     -   62s
     0     0  376.00000    0 1167          -  376.00000      -     -   69s
     0     0  376.00000    0 1278          -  376.00000      -     -  129s
     0     0  376.00000    0 1150          -  376.00000      -     -  150s
     0     0  376.00000    0 1134          -  376.00000      -     -  168s
     0     0  376.00000    0 1153          -  376.00000      -     -  218s
     0     0  376.00000    0 1203          -  376.00000      -     -  242s
     0     0  376.00000    0 1195          -  376.00000      -     -  308s
     0     0  376.00000    0 1195          -  376.00000      -     -  363s
     0     2  376.00000    0 1195          -  376.00000      -     -  611s
     1     5  376.00000    1 1089          -  376.00000      - 17334  624s
     3     8  376.00000    2 1089          -  376.00000      -  6614  664s
     6     8  376.00000    2 1104          -  376.00000      -  4296  665s
     7    12  376.00000    3 1147          -  376.00000      -  4045  707s
    11    72  376.00000    4 1064          -  376.00000      -  3223  789s
    71   206  376.00000   13 1144          -  376.00000      -  1793  921s
   206   441  376.00000   32 1127          -  376.00000      -  1799 1097s
   446   679  377.00000   73 1052          -  376.00000      -  1652 1201s
   684   904  377.00000  109 1023          -  376.00000      -  1706 1308s
   909  1122  377.00000  144 1015          -  376.00000      -  1749 1415s
  1127  1303  377.00000  175  978          -  376.00000      -  1782 1542s
  1352  1425  377.00000  211 1002          -  376.00000      -  1826 7930s

Cutting planes:
  Gomory: 1
  Cover: 467
  Clique: 346
  MIR: 228
  StrongCG: 89
  RLT: 56
  Relax-and-lift: 11

Explored 1568 nodes (2908212 simplex iterations) in 7930.89 seconds (1127.64 work units)
Thread count was 8 (of 8 available processors)

Solution count 0

Solve interrupted
Best objective -, best bound 3.760000000000e+02, gap -

Unable to retrieve attribute 'X'


Gurobi 12.0.0 (win64, gurobi_cl) logging started Tue Dec  3 22:05:18 2024

Set parameter Username
Set parameter LicenseID to value 2591787
Set parameter LogFile to value "gurobi.log"
Using license file C:\Users\archi\gurobi.lic
Academic license - for non-commercial use only - expires 2025-11-27

Gurobi Optimizer version 12.0.0 build v12.0.0rc1 (win64 - Windows 11.0 (22631.2))
Copyright (c) 2024, Gurobi Optimization, LLC

Read LP format model from file C:\Users\archi\AppData\Local\Temp\166db9cc9156433285bdc3c69f7613ae-pulp.lp
Reading time = 1.25 seconds
OBJ: 2564 rows, 391391 columns, 1565954 nonzeros

Using Gurobi shared library C:\gurobi1200\win64\bin\gurobi120.dll

CPU model: Intel(R) Core(TM) i5-10210U CPU @ 1.60GHz, instruction set [SSE2|AVX|AVX2]
Thread count: 4 physical cores, 8 logical processors, using up to 8 threads

Optimize a model with 2564 rows, 391391 columns and 1565954 nonzeros
Model fingerprint: 0x99528a64
Variable types: 0 continuous, 391391 integer (391391 binary)
Coefficient statistics:
  Matrix range     [1e+00, 5e+04]
  Objective range  [1e+00, 1e+00]
  Bounds range     [1e+00, 1e+00]
  RHS range        [1e+00, 1e+00]
Presolve removed 3 rows and 935 columns
Presolve time: 4.00s
Presolved: 2561 rows, 390456 columns, 1562212 nonzeros
Variable types: 0 continuous, 390456 integer (390456 binary)
Deterministic concurrent LP optimizer: primal simplex, dual simplex, and barrier
Showing barrier log only...

Root barrier log...

Ordering time: 0.12s

Barrier statistics:
 AA' NZ     : 1.174e+06
 Factor NZ  : 2.616e+06 (roughly 180 MB of memory)
 Factor Ops : 3.439e+09 (less than 1 second per iteration)
 Threads    : 2

                  Objective                Residual
Iter       Primal          Dual         Primal    Dual     Compl     Time
   0   5.26132570e+02 -9.78800000e+03  7.39e+04 0.00e+00  4.79e+00     7s
   1   3.70019231e+02 -1.07837244e+04  4.13e+03 4.16e-17  2.80e-01     8s
   2   3.75871004e+02 -7.85292179e+03  3.83e+00 3.47e-17  1.07e-02     8s
   3   3.75821512e+02  3.14511174e+02  1.22e-12 3.01e-17  7.84e-05     8s
   4   3.75547845e+02  3.75450390e+02  6.25e-13 1.41e-17  1.25e-07     8s
   5   3.75544248e+02  3.75544151e+02  6.82e-13 1.50e-18  1.25e-10     9s
   6   3.75544244e+02  3.75544244e+02  7.96e-13 1.93e-18  1.25e-13     9s

Barrier solved model in 6 iterations and 9.04 seconds (7.27 work units)
Optimal objective 3.75544244e+02

  Building initial crossover basis                                10s
  Building initial crossover basis                                15s

Root crossover log...

      16 DPushes remaining with DInf 0.0000000e+00                18s
       0 DPushes remaining with DInf 0.0000000e+00                18s

     932 PPushes remaining with PInf 3.1780178e-04                18s
       0 PPushes remaining with PInf 0.0000000e+00                18s

  Push phase complete: Pinf 0.0000000e+00, Dinf 4.9955225e-15     18s


Root simplex log...

Iteration    Objective       Primal Inf.    Dual Inf.      Time
     951    3.7554424e+02   0.000000e+00   0.000000e+00     18s
Concurrent spin time: 1.85s (can be avoided by choosing Method=3)

Solved with barrier

Root relaxation: objective 3.755442e+02, 951 iterations, 14.62 seconds (5.34 work units)

    Nodes    |    Current Node    |     Objective Bounds      |     Work
 Expl Unexpl |  Obj  Depth IntInf | Incumbent    BestBd   Gap | It/Node Time

     0     0  375.54424    0 1509          -  375.54424      -     -   58s
     0     0  376.00000    0 1167          -  376.00000      -     -   66s
     0     0  376.00000    0 1167          -  376.00000      -     -   73s
     0     0  376.00000    0 1278          -  376.00000      -     -  128s
     0     0  376.00000    0 1150          -  376.00000      -     -  150s
     0     0  376.00000    0 1134          -  376.00000      -     -  164s
     0     0  376.00000    0 1153          -  376.00000      -     -  220s
     0     0  376.00000    0 1203          -  376.00000      -     -  233s
     0     0  376.00000    0 1195          -  376.00000      -     -  280s
     0     0  376.00000    0 1195          -  376.00000      -     -  313s
     0     2  376.00000    0 1195          -  376.00000      -     -  525s
     1     5  376.00000    1 1089          -  376.00000      - 17334  535s
     3     8  376.00000    2 1089          -  376.00000      -  6614  567s
     7    12  376.00000    3 1147          -  376.00000      -  4045  602s
    11    72  376.00000    4 1064          -  376.00000      -  3223  659s
    71   206  376.00000   13 1144          -  376.00000      -  1793  749s
   206   441  376.00000   32 1127          -  376.00000      -  1799  849s
   446   679  377.00000   73 1052          -  376.00000      -  1652  943s
   684   904  377.00000  109 1023          -  376.00000      -  1706 1031s
   909  1122  377.00000  144 1015          -  376.00000      -  1749 1113s
  1127  1303  377.00000  175  978          -  376.00000      -  1782 1190s
  1352  1429  377.00000  211 1002          -  376.00000      -  1826 1265s
  1572  1502  377.00000  255  935          -  376.00000      -  1787 1337s
  1763  1591 infeasible  296               -  376.00000      -  1770 1408s
  1964  1674 infeasible  345               -  376.00000      -  1739 1474s
  2167  1754  377.00000  391  904          -  376.00000      -  1717 1533s
  2373  1853  377.00000  438  907          -  376.00000      -  1686 1601s
  2566  1950  376.00000   22 1141          -  376.00000      -  1673 1676s
  2735  2066  376.00000   47 1125          -  376.00000      -  1672 1748s
  2885  2209  376.54164   74 1129          -  376.00000      -  1691 1822s
  3070  2357  377.00000  108 1022          -  376.00000      -  1696 1896s
  3268  2523  377.00000  142  948          -  376.00000      -  1705 1971s
  3473  2667  377.00000  174  983          -  376.00000      -  1711 2045s
  3701  2804  377.00000  212  997          -  376.00000      -  1699 2117s
  3920  2938 infeasible  251               -  376.00000      -  1683 2189s
  4160  3077 infeasible  297               -  376.00000      -  1664 2260s
  4399  3193  377.00000  344  929          -  376.00000      -  1660 2331s
  4659  3336  377.00000  391  856          -  376.00000      -  1645 2397s
  4918  3369  377.00000  434  958          -  376.00000      -  1633 2481s
  4999  3410  376.00000  119 1119          -  376.00000      -  1640 2609s
  5050  3411  377.00000  298 1167          -  376.00000      -  1641 2706s
  5052  3412  377.00000  472 1273          -  376.00000      -  1641 2809s
  5053  3413  377.00000  146 1170          -  376.00000      -  1641 2832s
  5054  3414  377.00000  117 1121          -  376.00000      -  1640 2875s
  5055  3414  377.00000  171 1146          -  376.00000      -  1640 2968s
  5056  3415  376.00000  114 1139          -  376.00000      -  1640 3001s
  5057  3416  376.00000   49 1130          -  376.00000      -  1639 3094s
  5058  3416  377.00000  271 1133          -  376.00000      -  1639 3129s
  5059  3417  377.00000  325 1139          -  376.00000      -  1639 3255s
  5060  3418  377.36531  164 1144          -  376.00000      -  1638 3290s
  5061  3418  377.00000  414 1122          -  376.00000      -  1638 3396s
  5062  3419  377.00000  212 1146          -  376.00000      -  1638 3441s
  5063  3420  377.00000  140 1132          -  376.00000      -  1637 3544s
  5064  3420  377.00000  185 1132          -  376.00000      -  1637 3593s
  5065  3421  376.00000  112 1132          -  376.00000      -  1637 3797s
  5066  3425  376.00000   12 1026          -  376.00000      -  1686 3950s
  5068  3428  376.00000   13 1004          -  376.00000      -  1685 3974s
  5072  3431  376.00000   14  971          -  376.00000      -  1684 3991s
  5076  3476  376.00000   15  955          -  376.00000      -  1683 4072s
  5123  3520  376.00000   21 1032          -  376.00000      -  1678 4159s
  5182  3592  376.10753   28 1083          -  376.00000      -  1672 4290s
  5274  3724  377.00000   39 1062          -  376.00000      -  1668 4515s
  5437  3807  377.00000   59 1034          -  376.00000      -  1658 4766s
  5574  4016  376.10753   84 1072          -  376.00000      -  1636 5102s
  5829  4251  377.00000  114 1046          -  376.00000      -  1595 5218s
  6149  4465  377.00000  154 1060          -  376.00000      -  1545 5323s
  6469  4678  377.00000  194 1045          -  376.00000      -  1502 5426s
  6789  4891  377.00000  234 1076          -  376.00000      -  1461 5530s
  7109  5105  377.00000  274 1068          -  376.00000      -  1422 5632s
  7429  5318  377.00000  314 1052          -  376.00000      -  1390 5732s
  7749  5531  377.00000  354 1053          -  376.00000      -  1359 5829s
  8069  5739  377.00000  394 1066          -  376.00000      -  1328 5926s
  8383  5932  377.00000  432 1064          -  376.00000      -  1300 6015s
  8682  6119  377.00000  469 1052          -  376.00000      -  1277 6103s
  8969  6304  377.00000  501 1041          -  376.00000      -  1258 6189s
  9249  6489  377.00000  532 1065          -  376.00000      -  1243 6276s
  9528  6670  377.00000  564  997          -  376.00000      -  1229 6362s
  9803  6856  377.00000  596 1030          -  376.00000      -  1217 6447s
 10080  7046  377.00000  631  988          -  376.00000      -  1210 6531s
 10363  7272  377.00000  671  988          -  376.00000      -  1204 6646s
 10683  7402  377.00000  711  962          -  376.00000      -  1195 6714s
 10920  7575  377.00000  746  924          -  376.00000      -  1192 6787s
 11172  7751  377.00000  782  946          -  376.00000      -  1191 6860s
 11432  7894  377.00000  822  947          -  376.00000      -  1187 6930s
 11661  8031  377.00000  862  882          -  376.00000      -  1182 7001s
 11897  8143  377.00000  902  855          -  376.00000      -  1176 7073s
 12140  8279 infeasible  933               -  376.00000      -  1177 7155s
 12365  8367  377.00000   41 1037          -  376.00000      -  1173 7288s
 12528  8575  376.10753   72 1053          -  376.00000      -  1171 7387s
 12793  8728  376.10753  107 1042          -  376.00000      -  1167 7482s
 13073  8882  377.00000  143 1017          -  376.00000      -  1164 7570s
 13384  8960  376.10753  180 1022          -  376.00000      -  1157 7661s
 13672  9044  377.00000  215 1048          -  376.00000      -  1156 7744s
 13976  9148  376.10753  252 1027          -  376.00000      -  1153 7828s
 14259  9286  376.10753  287 1024          -  376.00000      -  1149 7916s
 14542  9419  376.10753  321 1026          -  376.00000      -  1145 8002s
 14829  9552  376.10753  356 1037          -  376.00000      -  1138 8089s
 15114  9688  377.00000  390 1062          -  376.00000      -  1133 8171s
 15393  9839  376.10753  424 1052          -  376.00000      -  1129 8254s
 15677 10097  376.10753  458 1062          -  376.00000      -  1124 8342s
 15945 10364  376.10753  492 1052          -  376.00000      -  1118 8427s
 16212 10637  376.10753  526 1063          -  376.00000      -  1110 8511s
 16485 10907  376.10753  560 1055          -  376.00000      -  1102 8596s
 16755 10914  377.00000  593 1070          -  376.00000      -  1095 8783s
 16762 11185  376.10753  594 1067          -  376.00000      -  1095 8870s
 17033 11459  377.00000  628 1053          -  376.00000      -  1087 8957s
 17307 11741  377.00000  663 1044          -  376.00000      -  1080 9041s
 17589 12015  377.00000  699 1061          -  376.00000      -  1072 9128s
 17863 12293  376.10753  734 1086          -  376.00000      -  1066 9214s
 18142 12567  377.00000  768 1097          -  376.00000      -  1059 9308s
 18416 12848  377.00000  804 1080          -  376.00000      -  1055 9420s
 18697 13128  376.10753  840 1099          -  376.00000      -  1051 9508s
 18977 13423  377.00000  874 1087          -  376.00000      -  1048 9598s
 19272 13710  376.10753  911 1111          -  376.00000      -  1044 9689s
 19559 14001  377.00000  945 1084          -  376.00000      -  1044 9774s
 19850 14289  376.14754  981 1151          -  376.00000      -  1042 9856s
 20139 14543  377.00000 1016 1146          -  376.00000      -  1038 9938s
 20422 14811  376.37642   46 1055          -  376.00000      -  1036 10023s
 20693 15129  377.00000  105 1028          -  376.00000      -  1034 14553s
 21013 15395  377.00000  166  986          -  376.00000      -  1034 14656s
 21303 15612  377.00000  217 1000          -  376.00000      -  1036 14745s
 21567 15764  377.00000  270 1000          -  376.00000      -  1035 14842s
 21793 15890  377.00000  301 1010          -  376.00000      -  1038 14949s
 22019 16103  377.00000  364  987          -  376.00000      -  1041 15053s
 22264 16362  377.00000  405  991          -  376.00000      -  1037 15154s
 22523 16621  377.00000  447  996          -  376.00000      -  1031 15260s
 22782 16863  377.00000  475  962          -  376.00000      -  1027 15359s
 23044 17096  377.00000  506  987          -  376.00000      -  1023 15462s
 23307 17318  377.00000  561  946          -  376.00000      -  1017 15545s
 23573 17511  377.00000  622  949          -  376.00000      -  1011 15633s
 23833 17714  377.00000  658  956          -  376.00000      -  1010 15719s
 23987 17714  377.00000  821  934          -  376.00000      -  1011 15720s
 24100 17917  377.00000  692  912          -  376.00000      -  1009 15810s
 24362 18104 infeasible  725               -  376.00000      -  1010 15896s
 24637 18303 infeasible  754               -  376.00000      -  1011 15981s
 24926 18500  377.00000  787  918          -  376.00000      -  1009 16067s
 25217 18652  377.00000  831  904          -  376.00000      -  1012 16155s
 25529 18786 infeasible  860               -  376.00000      -  1017 16238s
 25839 18943  377.00000  886  880          -  376.00000      -  1021 16315s
 26152 19095  377.00000  911  868          -  376.00000      -  1027 16395s
 26468 19248  377.00000  942  866          -  376.00000      -  1031 16472s
 26783 19453 infeasible  966               -  376.00000      -  1032 16550s
 27032 19679  376.14142   92 1013          -  376.00000      -  1027 16627s
 27286 19870  376.14142  169 1031          -  376.00000      -  1022 16707s
 27535 20065  376.14142  243 1019          -  376.00000      -  1019 16784s
 27787 20264  377.00000  303 1049          -  376.00000      -  1016 16861s
 28038 20451  377.00000  374 1050          -  376.00000      -  1013 16940s
 28293 20638  377.00000  452 1010          -  376.00000      -  1009 17020s
 28537 20805  377.00000  529 1015          -  376.00000      -  1008 17100s
 28782 20977  377.00000  608 1022          -  376.00000      -  1008 17180s
 29028 21172  377.00000  684 1029          -  376.00000      -  1008 17265s
 29283 21414  377.00000  762 1059          -  376.00000      -  1005 17348s
 29535 21650  377.00000  831 1051          -  376.00000      -  1001 17433s
 29785 21876  377.00000  860 1051          -  376.00000      -   999 17516s
 30029 22087  377.00000  887 1069          -  376.00000      -   998 17601s
 30258 22275  377.00000  906 1035          -  376.00000      -   998 17688s
 30516 22343  377.00000  939  997          -  376.00000      -   999 17843s
 30586 22518 infeasible  940               -  376.00000      -   998 17933s
 30848 22672  377.00000  965 1007          -  376.00000      -   997 18013s
 31120 22812 infeasible  991               -  376.00000      -   996 18120s
 31400 22934 infeasible 1025               -  376.00000      -   996 18203s
 31676 23053  377.00000 1059  964          -  376.00000      -   998 18291s
 31959 23181 infeasible 1095               -  376.00000      -   998 18375s
 32203 23306  377.00000 1124  947          -  376.00000      -  1000 18461s
 32458 23450 infeasible 1154               -  376.00000      -  1001 18547s
 32725 23579  377.00000 1177  923          -  376.00000      -  1003 18632s
 33012 23743  377.00000 1216  913          -  376.00000      -  1006 18715s
 33305 23847  377.00000 1234  909          -  376.00000      -  1008 18789s
 33607 23969 infeasible 1264               -  376.00000      -  1009 18861s
 33919 24110 infeasible 1287               -  376.00000      -  1009 18943s
 34228 24282  377.00000 1309  927          -  376.00000      -  1011 19022s
 34538 24452  376.10753   55 1067          -  376.00000      -  1010 19101s
 34836 24575  376.10753  124 1069          -  376.00000      -  1009 19197s
 35054 24780  377.00000  147 1070          -  376.00000      -  1009 19277s
 35327 25004  377.00000  196 1034          -  376.00000      -  1007 19364s
 35615 25220  377.00000  253 1022          -  376.00000      -  1004 19447s
 35875 25434  377.00000  318 1033          -  376.00000      -  1001 19528s
 36122 25657  377.00000  378 1033          -  376.00000      -   999 19615s
 36392 25863  377.00000  433 1044          -  376.00000      -   998 19704s
 36650 26110  377.00000  482 1062          -  376.00000      -   998 19782s
 36952 26334  377.00000  541 1034          -  376.00000      -   996 19869s
 37246 26531  377.00000  568 1024          -  376.00000      -   994 19961s
 37520 26721  377.00000  591  987          -  376.00000      -   994 20045s
 37783 26965  377.00000  625  980          -  376.00000      -   994 20129s
 37986 26965  377.00000  710  966          -  376.00000      -   991 20130s
 38051 27184  377.00000  687  997          -  376.00000      -   991 20205s
 38352 27354  377.00000  743  991          -  376.00000      -   990 20300s
 38584 27553  377.00000  784  973          -  376.00000      -   988 20371s
 38896 27656  377.00000  830  957          -  376.00000      -   986 20471s
 39053 27835 infeasible  849               -  376.00000      -   986 20542s
 39369 28017 infeasible  884               -  376.00000      -   984 20618s
 39681 28182  377.00000  912  938          -  376.00000      -   983 20710s
 39877 28423  377.00000  938  946          -  376.00000      -   981 20779s
 40187 28618  377.00000  987  952          -  376.00000      -   977 20855s
 40473 28843 infeasible 1020               -  376.00000      -   975 20926s
 40772 29053  377.00000 1060  949          -  376.00000      -   973 21006s
 41074 29220  377.00000 1089  916          -  376.00000      -   971 21097s
 41337 29317 infeasible 1124               -  376.00000      -   971 21281s
 41446 29402  377.00000 1125  920          -  376.00000      -   973 21709s
 41561 29591  377.00000 1140  859          -  376.00000      -   977 22192s
 41772 29775  377.00000 1150  873          -  376.00000      -   981 22980s
 42009 29982 infeasible 1168               -  376.00000      -   989 23525s
 42289 30163 infeasible 1190               -  376.00000      -  1000 24258s
 42528 30373 infeasible 1210               -  376.00000      -  1008 24659s
 42816 30567  377.00000 1240  860          -  376.00000      -  1012 25052s
 43110 30675 infeasible 1253               -  376.00000      -  1021 25806s
 43288 30904  376.46836   61 1093          -  376.00000      -  1029 26297s
 43570 31119  377.00000  135 1092          -  376.00000      -  1039 26753s
 43847 31190  377.00000  212 1049          -  376.00000      -  1042 27382s
 43948 31495  377.00000  231 1051          -  376.00000      -  1043 27747s
 44259 31735  377.00000  307 1054          -  376.00000      -  1039 28184s
 44510 31872  377.00000  372 1074          -  376.00000      -  1040 29224s
 44649 32118  377.00000  406 1042          -  376.00000      -  1039 29314s
 44969 32373  377.00000  478 1048          -  376.00000      -  1037 29407s
 45289 32665  377.00000  533 1063          -  376.00000      -  1036 29499s
 45609 32931  377.00000  594 1072          -  376.00000      -  1032 29584s
 45769 32931  377.00000  431 1020          -  376.00000      -  1032 29585s
 45929 33189  377.00000  658 1062          -  376.00000      -  1030 29668s
 46249 33463  377.00000  737 1066          -  376.00000      -  1027 29751s
 46569 33737  377.00000  815 1068          -  376.00000      -  1025 29842s
 46889 33951  377.00000  884 1081          -  376.00000      -  1024 29936s
 47209 34088 infeasible  911               -  376.00000      -  1024 30121s
 47412 34275  377.00000  928 1051          -  376.00000      -  1028 30205s
 47732 34364  377.00000  973  957          -  376.00000      -  1029 30401s
 47839 34557  377.00000  974  970          -  376.00000      -  1031 30491s
 48159 34637  377.00000 1012  967          -  376.00000      -  1031 30666s
 48277 34820  377.00000 1016 1001          -  376.00000      -  1035 30789s
 48561 34997  376.10753   40 1006          -  376.00000      -  1035 30968s
 48753 35181  377.00000  111  999          -  376.00000      -  1037 31089s
 49064 35292  377.00000  176 1044          -  376.00000      -  1037 31294s
 49202 35305  377.00000  246 1014          -  376.00000      -  1040 31576s
 49215 35377  377.00000  250 1015          -  376.00000      -  1041 31780s
 49311 35513  377.00000  298 1011          -  376.00000      -  1044 31990s
 49482 35619  377.00000  374 1060          -  376.00000      -  1049 32191s
 49596 35814  377.00000  440 1002          -  376.00000      -  1052 32384s
 49873 35878  377.00000  514 1058          -  376.00000      -  1057 32704s
 49955 36055  377.00000  561 1035          -  376.00000      -  1060 32801s
 50275 36197  377.00000  632 1032          -  376.00000      -  1058 33022s
 50483 36356  377.00000  710 1026          -  376.00000      -  1062 33131s
 50803 36592  377.00000  765 1059          -  376.00000      -  1061 33333s
 51050 36850  377.00000  837 1032          -  376.00000      -  1059 33421s
 51370 37166  377.00000  902 1046          -  376.00000      -  1056 33539s
 51690 37474  377.00000  945 1029          -  376.00000      -  1054 33672s
 52010 37617  377.00000 1016 1029          -  376.00000      -  1052 33758s
 52153 37927  377.00000 1018 1059          -  376.00000      -  1050 33848s
 52473 38126  377.00000 1089 1075          -  376.00000      -  1048 33973s
 52703 38311  377.00000 1109 1096          -  376.00000      -  1049 34076s
 52937 38512  377.00000 1123 1038          -  376.00000      -  1049 34213s
 53194 38685  377.00000 1129 1049          -  376.00000      -  1049 34322s
 53443 38756  377.00000 1140 1006          -  376.00000      -  1049 34472s
 53518 38943  377.00000 1141 1025          -  376.00000      -  1051 34561s
 53784 39169  376.46836   47 1038          -  376.00000      -  1049 34643s
 54104 39229  376.46836  127 1037          -  376.00000      -  1046 34834s
 54167 39507  377.00000  147 1032          -  376.00000      -  1047 34916s
 54487 39725  377.00000  213 1013          -  376.00000      -  1045 34999s
 54807 39789  377.00000  275 1048          -  376.00000      -  1044 35098s
 54879 40034  377.00000  327 1052          -  376.00000      -  1045 35186s
 55199 40135  377.00000  389 1013          -  376.00000      -  1044 35310s
 55308 40363  377.00000  432 1012          -  376.00000      -  1043 35398s
 55613 40544  377.00000  480 1016          -  376.00000      -  1041 35510s
 55851 40669  377.00000  548 1049          -  376.00000      -  1041 35631s
 55980 40889  377.00000  586 1018          -  376.00000      -  1041 35737s
 56244 40964  377.00000  623  997          -  376.00000      -  1042 35878s
 56345 41154  377.00000  639  978          -  376.00000      -  1043 35974s
 56612 41309  377.00000  679 1017          -  376.00000      -  1043 36086s
 56838 41401  377.00000  705  952          -  376.00000      -  1044 36233s
 56939 41605  377.00000  720  979          -  376.00000      -  1044 36327s
 57210 41733 infeasible  735               -  376.00000      -  1044 36440s
 57361 41967  377.00000  740  930          -  376.00000      -  1043 36536s
 57634 42090 infeasible  773               -  376.00000      -  1042 36676s
 57761 42208  377.00000  775  928          -  376.00000      -  1042 36846s
 57923 42289  377.00000  799  924          -  376.00000      -  1041 36975s
 58004 42515  377.00000  800  919          -  376.00000      -  1040 37067s
 58280 42678  377.00000  823  928          -  376.00000      -  1039 37169s
 58510 42728  377.00000  854  888          -  376.00000      -  1038 37347s
 58562 42877  377.00000  855  912          -  376.00000      -  1038 37458s
 58779 42963  377.00000  873  922          -  376.00000      -  1038 37569s
 58955 42982  377.00000  900  937          -  376.00000      -  1039 37733s
 58974 43068  377.00000  901  958          -  376.00000      -  1039 37842s
 59142 43081 infeasible  918               -  376.00000      -  1039 37998s
 59167 43183  377.00000  921  915          -  376.00000      -  1040 38110s
 59348 43221 infeasible  953               -  376.00000      -  1040 38257s
 59425 43310  377.00000  959  906          -  376.00000      -  1041 38367s
 59623 43328 infeasible  994               -  376.00000      -  1041 38525s
 59645 43421  377.00000  991  909          -  376.00000      -  1042 38640s
 59819 43444  377.00000 1009  887          -  376.00000      -  1043 38797s
 59856 43534  377.00000 1014  902          -  376.00000      -  1045 38895s
 60058 43545  377.00000 1035  882          -  376.00000      -  1045 39179s
 60069 43565  377.00000 1036  869          -  376.00000      -  1045 39344s
 60095 43591 infeasible 1039               -  376.00000      -  1047 39532s
 60135 43625  377.00000 1042  870          -  376.00000      -  1049 39700s
 60197 43760 infeasible 1051               -  376.00000      -  1050 39842s
 60346 43931  377.00000   92 1025          -  376.00000      -  1049 39951s
 60548 44008  377.00000  164 1046          -  376.00000      -  1047 40108s
 60627 44185  377.00000  206 1046          -  376.00000      -  1047 40215s
 60835 44346  377.00000  281 1016          -  376.00000      -  1045 40357s
 61024 44437  377.00000  348 1050          -  376.00000      -  1044 40523s
 61115 44618  377.00000  400 1022          -  376.00000      -  1045 40632s
 61326 44740  377.00000  465 1043          -  376.00000      -  1043 40791s
 61448 44908  377.00000  526 1029          -  376.00000      -  1043 40911s
 61660 44993  377.00000  593 1028          -  376.00000      -  1042 41077s
 61749 45169  377.00000  639 1008          -  376.00000      -  1041 41190s
 61963 45298  377.00000  695 1033          -  376.00000      -  1040 41367s
 62112 45478  377.00000  772 1106          -  376.00000      -  1040 41597s
 62341 45687  377.00000  850 1074          -  376.00000      -  1041 41805s
 62572 45923  377.00000  921 1100          -  376.00000      -  1039 41992s
 62808 46139  377.00000  969 1053          -  376.00000      -  1037 42199s
 63025 46398  377.00000 1048 1028          -  376.00000      -  1035 42364s
 63284 46573  377.00000 1118 1009          -  376.00000      -  1032 42631s
 63459 46812  377.00000 1189 1011          -  376.00000      -  1031 42806s
 63718 47063  377.00000 1264 1021          -  376.00000      -  1033 42976s
 63979 47247  378.00000 1342 1039          -  376.00000      -  1032 43244s
 64163 47515  377.00000 1417 1010          -  376.00000      -  1031 43413s
 64438 47792  377.35639 1483 1008          -  376.00000      -  1030 43573s
 64718 47962  377.00000 1553 1047          -  376.00000      -  1029 43824s
 64798 47962  378.00000  924  952          -  376.00000      -  1028 43825s
 64906 48231  377.00000 1632 1068          -  376.00000      -  1028 43988s
 65191 48512  378.00000 1694  992          -  376.00000      -  1028 44145s
 65475 48724  378.00000 1773  996          -  376.00000      -  1027 44388s
 65687 48878  378.00000 1839  993          -  376.00000      -  1025 44585s
 65841 49167  378.00000 1849 1026          -  376.00000      -  1024 44731s
 66130 49406  378.00000 1928 1048          -  376.00000      -  1022 44943s
 66373 49674  378.00000 1990 1036          -  376.00000      -  1021 45159s
 66667 49730  379.00000 2042 1005          -  376.00000      -  1020 45190s

Cutting planes:
  Cover: 386
  Clique: 407
  MIR: 191
  StrongCG: 112
  Flow cover: 219
  Zero half: 33
  RLT: 65
  Relax-and-lift: 20

Explored 66725 nodes (68075799 simplex iterations) in 45190.83 seconds (40845.75 work units)
Thread count was 8 (of 8 available processors)

Solution count 0

Solve interrupted
Best objective -, best bound 3.760000000000e+02, gap -

Unable to retrieve attribute 'X'


Gurobi 12.0.0 (win64, gurobi_cl) logging started Wed Dec  4 11:11:56 2024

Set parameter Username
Set parameter LicenseID to value 2591787
Set parameter LogFile to value "gurobi.log"
Using license file C:\Users\archi\gurobi.lic
Academic license - for non-commercial use only - expires 2025-11-27

Gurobi Optimizer version 12.0.0 build v12.0.0rc1 (win64 - Windows 11.0 (22631.2))
Copyright (c) 2024, Gurobi Optimization, LLC

Read LP format model from file C:\Users\archi\AppData\Local\Temp\8a9d4d1aa657472088f4ec8c1b0467a6-pulp.lp
Reading time = 1.30 seconds
OBJ: 2174 rows, 391391 columns, 1565174 nonzeros

Using Gurobi shared library C:\gurobi1200\win64\bin\gurobi120.dll

CPU model: Intel(R) Core(TM) i5-10210U CPU @ 1.60GHz, instruction set [SSE2|AVX|AVX2]
Thread count: 4 physical cores, 8 logical processors, using up to 8 threads

Optimize a model with 2174 rows, 391391 columns and 1565174 nonzeros
Model fingerprint: 0x7de88102
Variable types: 0 continuous, 391391 integer (391391 binary)
Coefficient statistics:
  Matrix range     [1e+00, 5e+04]
  Objective range  [1e+00, 1e+00]
  Bounds range     [1e+00, 1e+00]
  RHS range        [1e+00, 1e+00]
Presolve removed 2 rows and 935 columns
Presolve time: 2.80s
Presolved: 2172 rows, 390456 columns, 1561434 nonzeros
Variable types: 0 continuous, 390456 integer (390456 binary)

Root simplex log...

Iteration    Objective       Primal Inf.    Dual Inf.      Time
       0    2.8857425e+02   8.471911e+01   0.000000e+00      6s
       6    3.7554424e+02   0.000000e+00   0.000000e+00      6s
       6    3.7554424e+02   0.000000e+00   0.000000e+00      6s

Use crossover to convert LP symmetric solution to basic solution...

Root crossover log...

       0 DPushes remaining with DInf 0.0000000e+00                 6s

  389052 PPushes remaining with PInf 0.0000000e+00                 6s
   94923 PPushes remaining with PInf 0.0000000e+00                10s
       0 PPushes remaining with PInf 0.0000000e+00                13s

  Push phase complete: Pinf 0.0000000e+00, Dinf 1.4023952e-15     13s


Root simplex log...

Iteration    Objective       Primal Inf.    Dual Inf.      Time
  389830    3.7554424e+02   0.000000e+00   0.000000e+00     13s

Root relaxation: objective 3.755442e+02, 389830 iterations, 8.22 seconds (5.60 work units)

    Nodes    |    Current Node    |     Objective Bounds      |     Work
 Expl Unexpl |  Obj  Depth IntInf | Incumbent    BestBd   Gap | It/Node Time

     0     0  375.54424    0 1380          -  375.54424      -     -   44s
     0     0  375.54424    0 1303          -  375.54424      -     -   62s
     0     0  375.54424    0 1307          -  375.54424      -     -   73s
     0     0  375.54424    0 1273          -  375.54424      -     -  127s
     0     0  375.54424    0 1244          -  375.54424      -     -  140s
     0     0  375.54424    0 1200          -  375.54424      -     -  194s
     0     0  376.30598    0 1125          -  376.30598      -     -  302s
     0     0  376.30598    0 1116          -  376.30598      -     -  310s
     0     0  376.30598    0 1161          -  376.30598      -     -  324s
     0     0  376.30619    0  889          -  376.30619      -     -  375s
     0     0  376.30620    0 1010          -  376.30620      -     -  383s
     0     0  376.57582    0 1031          -  376.57582      -     -  401s
     0     0  376.57582    0 1037          -  376.57582      -     -  411s
     0     0  376.57619    0 1050          -  376.57619      -     -  422s
     0     0  376.57626    0 1006          -  376.57626      -     -  438s
     0     0  376.57647    0 1017          -  376.57647      -     -  454s
     0     0  376.57647    0 1011          -  376.57647      -     -  471s
     0     0  376.57647    0 1012          -  376.57647      -     -  485s
     0     0  376.57648    0 1013          -  376.57648      -     -  521s
     0     0  376.57648    0 1009          -  376.57648      -     -  523s
     0     2  376.57653    0  991          -  376.57653      -     -  573s
     1     5  376.63868    1  928          -  376.57653      -  1489  576s
     3     6 infeasible    2               -  376.57653      -   756  582s
     7     4  376.57653    3  993          -  376.57653      -  1320  587s
    11     8  376.57653    4 1003          -  376.57653      -  1057  607s
    15     6 infeasible    5               -  376.57653      -  1442  636s
    17     7  376.59473    4  997          -  376.57653      -  1600  670s
    18     9  376.59472    5  928          -  376.57653      -  1673  693s
    20    10 infeasible    6               -  376.57653      -  1706  716s
    25    11  376.59834    7  976          -  376.57653      -  2195  743s
    32    14 infeasible    8               -  376.57653      -  2397  769s
    45    19 infeasible    9               -  376.57653      -  2156  805s
    62    28  376.59834    9  886          -  376.57653      -  1722  838s
    93    40  376.59834   11  865          -  376.57653      -  1363  883s
   131    59 infeasible   15               -  376.57653      -  1171  944s
   176    71 infeasible   18               -  376.57653      -  1062 1058s
   238    93  376.59834   23  783          -  376.57653      -  1620 1167s
   314   102 infeasible   30               -  376.57653      -  1411 1310s
   409   125  376.59834   43  750          -  376.57653      -  1244 1469s
   512   188  376.59829   53  761          -  376.57653      -  1136 1624s
   607   284 infeasible   59               -  376.57653      -  1230 1809s
   729   386  376.59832   70  732          -  376.57653      -  1133 1977s
H  774   386                     391.0000000  376.57653  3.69%  1108 1977s
   849   390  377.00000   78  712  391.00000  376.57653  3.69%  1027 2108s
H  853   420                     389.0000000  376.57653  3.19%  1023 2215s
   883   524  377.00000   80  716  389.00000  376.57653  3.19%   996 2399s
   987   528  377.00000  106  699  389.00000  376.57653  3.19%   924 2670s
   991   532  377.00000  107  684  389.00000  376.57653  3.19%   921 2776s
   995   563  377.00000  108  704  389.00000  376.57653  3.19%   918 2895s
  1026   711  377.00000  113  681  389.00000  376.57653  3.19%   895 3052s
  1174  1014  377.00000  175  682  389.00000  376.57653  3.19%   820 3246s
  1478  1015  377.00000  252 1161  389.00000  376.57653  3.19%   705 3277s
  1480  1016  377.00000   96 1067  389.00000  376.57653  3.19%   704 3309s
  1481  1017  377.00000  198 1027  389.00000  376.57653  3.19%   704 3344s
  1482  1018  377.00000  249 1041  389.00000  376.57653  3.19%   703 3359s
  1483  1018  377.00000   82 1050  389.00000  376.57653  3.19%   703 3377s
  1484  1019  377.00000  174 1036  389.00000  376.57653  3.19%   702 3395s
  1485  1020  377.00000  100 1032  389.00000  376.57653  3.19%   702 3408s
  1486  1020  377.00000  302 1036  389.00000  376.58268  3.19%   701 3423s
  1487  1021  377.00000  194 1004  389.00000  376.58268  3.19%   701 3448s
  1488  1022  377.00000  122 1017  389.00000  376.58270  3.19%   700 3462s
  1489  1022  377.00000   99 1017  389.00000  376.58270  3.19%   700 3468s
  1490  1023  376.59475   17 1017  389.00000  376.58270  3.19%   699 3479s
  1491  1024  377.00000  219 1086  389.00000  376.58270  3.19%   699 3490s
  1492  1024  377.00000   91 1089  389.00000  376.58270  3.19%   698 3503s
  1493  1025  376.63870    4 1086  389.00000  376.58270  3.19%   698 3517s
  1494  1026  377.00000  170 1081  389.00000  376.58270  3.19%   697 3531s
  1495  1026  376.59836   40  823  389.00000  376.58270  3.19%   697 3730s
  1496  1027  376.59475   13  961  389.00000  376.58286  3.19%   696 3805s
  1497  1028  377.00000   84 1004  389.00000  376.58286  3.19%   696 4169s
  1498  1028  377.00000  189 1008  389.00000  376.58286  3.19%   696 4188s
  1499  1029  376.59475   28 1066  389.00000  376.58286  3.19%   695 4197s
  1500  1030  377.00000  257 1061  389.00000  376.58286  3.19%   695 4204s
  1501  1030  377.00000  172 1061  389.00000  376.58290  3.19%   694 4442s
  1502  1034  376.59963   11  899  389.00000  376.58290  3.19%   794 4718s
  1504  1037  376.60927   12  783  389.00000  376.58290  3.19%   797 5130s
  1508  1040  376.61076   13  820  389.00000  376.59250  3.19%   805 5161s
  1512  1092  376.61076   14  840  389.00000  376.59250  3.19%   814 5382s
  1567  1257  376.61438   19  793  389.00000  376.59250  3.19%   829 5648s
  1765  1395  376.61441   35  763  389.00000  376.59250  3.19%   806 6616s
  2015  1669  376.61441   54  741  389.00000  376.59261  3.19%   775 7187s
  2432  1534  376.61442  115  726  389.00000  376.59261  3.19%   774 7588s
  2436  1563  376.61784  116  765  389.00000  376.59261  3.19%   774 8037s
  2466  1556  376.61442  116  713  389.00000  376.59261  3.19%   770 8326s
  2471  1597  376.61442  117  726  389.00000  376.59261  3.19%   769 8643s
  2518  1755  376.61442  117  740  389.00000  376.59261  3.19%   765 9041s
  2702  2013  376.61443  118  732  389.00000  376.59261  3.19%   758 9476s
  3047  2072  376.62345  145  728  389.00000  376.59261  3.19%   737 9913s
  3234  2392  376.62344  166  724  389.00000  376.59261  3.19%   744 10363s
  3640  2737  376.62344  228  729  389.00000  376.59261  3.19%   744 10719s
  4137  2985  376.62347  275  778  389.00000  376.59261  3.19%   714 11001s
  4562  3189  376.62349  316  740  389.00000  376.59261  3.19%   694 11290s
H 4912  2666                     388.0000000  376.59261  2.94%   686 11476s
  4916  2839  376.62347  354  756  388.00000  376.59261  2.94%   690 12105s
  5133  3042  376.62675  393  736  388.00000  376.59261  2.94%   698 12386s
  5354  3300  376.63072  422  802  388.00000  376.59261  2.94%   711 12663s
  5800  3569 infeasible  455       388.00000  376.59261  2.94%   690 12920s
H 6261  3808                     387.0000000  376.59261  2.69%   666 13117s
H 6421  3808                     386.0000000  376.59261  2.44%   663 13117s
  6585  4091  376.66431  513  733  386.00000  376.59261  2.44%   651 13372s
  6878  4395  376.66716  538  728  386.00000  376.59261  2.44%   651 13617s
  7190  4703  376.66431  561  708  386.00000  376.59261  2.44%   647 13888s
  7506  4809  376.66431  586  732  386.00000  376.59261  2.44%   649 14074s
H 7611  4809                     385.0000000  376.59261  2.18%   647 14074s
  7612  5102 infeasible  624       385.00000  376.59261  2.18%   647 14368s
  7929  5335  376.67708  641  738  385.00000  376.59261  2.18%   652 14663s
  8171  5775  376.67708  650  736  385.00000  376.59261  2.18%   656 15274s
  8651  5953  376.68113  683  723  385.00000  376.59398  2.18%   648 15483s
  8835  6015  376.68113  688  766  385.00000  376.59398  2.18%   644 15783s
  8897  6035  376.68113  695  784  385.00000  376.59398  2.18%   643 16115s
  8917  6088  376.68113  696  767  385.00000  376.59398  2.18%   642 16366s
  8970  6295  378.92637  696  639  385.00000  376.59398  2.18%   642 16618s
  9177  6502  377.92637  697  725  385.00000  376.59398  2.18%   638 16887s
  9384  6709  376.68113  697  764  385.00000  376.59398  2.18%   638 17137s
  9591  6786  376.68113  698  745  385.00000  376.59398  2.18%   632 17454s
  9704  7151  376.72080  700  772  385.00000  376.59398  2.18%   632 18140s
 10085  7532  376.72728  726  726  385.00000  376.59398  2.18%   644 18595s
 10472  8030  376.72728  748  718  385.00000  376.59398  2.18%   657 19154s
 10994  8544  376.73459  774  731  385.00000  376.59398  2.18%   673 19549s
 11514  9020  378.92637  791  767  385.00000  376.59398  2.18%   675 19885s
 11994  9488  378.92637  806  658  385.00000  376.59398  2.18%   677 20212s
 12472  9492  377.37330  839  747  385.00000  376.59398  2.18%   680 20485s
 12476  9519  377.37330  840  736  385.00000  376.59398  2.18%   680 20944s
 12503  9623  377.37330  840  712  385.00000  376.59398  2.18%   681 21212s
 12607  9826  377.37330  841  706  385.00000  376.59398  2.18%   676 21488s
 12814 10031  377.37330  841  718  385.00000  376.59398  2.18%   669 21794s
 13021 10238  377.37330  842  722  385.00000  376.59398  2.18%   662 22064s
 13228 10443  377.37330  842  717  385.00000  376.59398  2.18%   653 22350s
 13435 10650  377.37330  843  720  385.00000  376.59398  2.18%   645 22645s
 13642 10856  377.37330  843  721  385.00000  376.59398  2.18%   638 22958s
 13849 11059  377.37330  844  706  385.00000  376.59398  2.18%   631 23289s
 14056 11263  377.37330  844  734  385.00000  376.59398  2.18%   623 23664s
 14263 11465  377.37330  845  697  385.00000  376.59398  2.18%   618 24065s
 14470 11482  377.37330  845  702  385.00000  376.59398  2.18%   614 24583s
 14487 11684  377.37330  846  687  385.00000  376.59398  2.18%   614 25361s
 14694 11889  377.77799  846  668  385.00000  376.59398  2.18%   609 25871s
 14901 12096  377.37330  847  688  385.00000  376.59398  2.18%   601 26461s
 15109 12466  377.37330  848  689  385.00000  376.59398  2.18%   595 27056s
 15485 12944  384.00000  932  464  385.00000  376.59398  2.18%   586 27796s
 15963 13745  384.00000  975  456  385.00000  376.59398  2.18%   587 28381s
 16766 14443  384.00000 1077  410  385.00000  376.59398  2.18%   581 28894s
 17500 14916 infeasible 1172       385.00000  376.59398  2.18%   573 29829s
 17985 15362  376.67846   95  829  385.00000  376.59398  2.18%   566 30360s
 18432 15890  376.68072  197  751  385.00000  376.59398  2.18%   560 30906s
 18970 16480  376.69422  321  770  385.00000  376.59398  2.18%   559 31390s
 19566 16961  376.69551  387  782  385.00000  376.59398  2.18%   560 31788s
 20067 17523  380.63583  411  677  385.00000  376.59398  2.18%   566 32488s

Cutting planes:
  Gomory: 4
  Cover: 701
  Clique: 562
  MIR: 135
  StrongCG: 173
  Flow cover: 149
  Zero half: 4
  RLT: 4
  Relax-and-lift: 34

Explored 20699 nodes (12392318 simplex iterations) in 34230.92 seconds (34133.32 work units)
Thread count was 8 (of 8 available processors)

Solution count 6: 385 386 387 ... 391

Solve interrupted
Best objective 3.850000000000e+02, best bound 3.770000000000e+02, gap 2.0779%

Wrote result file 'C:\Users\archi\AppData\Local\Temp\8a9d4d1aa657472088f4ec8c1b0467a6-pulp.sol'

